0 info it worked if it ends with ok
1 verbose cli [ '/Users/chrisgullian/.nvm/versions/node/v4.0.0/bin/node',
1 verbose cli   '/Users/chrisgullian/.nvm/versions/node/v4.0.0/bin/npm',
1 verbose cli   'start' ]
2 info using npm@2.14.2
3 info using node@v4.0.0
4 verbose stack Error: Failed to parse json
4 verbose stack Trailing comma in object at 28:3
4 verbose stack   },
4 verbose stack   ^
4 verbose stack     at parseError (/Users/chrisgullian/.nvm/versions/node/v4.0.0/lib/node_modules/npm/node_modules/read-package-json/read-json.js:379:11)
4 verbose stack     at parseJson (/Users/chrisgullian/.nvm/versions/node/v4.0.0/lib/node_modules/npm/node_modules/read-package-json/read-json.js:68:23)
4 verbose stack     at /Users/chrisgullian/.nvm/versions/node/v4.0.0/lib/node_modules/npm/node_modules/read-package-json/read-json.js:48:5
4 verbose stack     at FSReqWrap.readFileAfterClose [as oncomplete] (evalmachine.<anonymous>:380:3)
5 verbose cwd /Users/chrisgullian/VinylCache3
6 error Darwin 15.2.0
7 error argv "/Users/chrisgullian/.nvm/versions/node/v4.0.0/bin/node" "/Users/chrisgullian/.nvm/versions/node/v4.0.0/bin/npm" "start"
8 error node v4.0.0
9 error npm  v2.14.2
10 error file /Users/chrisgullian/VinylCache3/package.json
11 error code EJSONPARSE
12 error Failed to parse json
12 error Trailing comma in object at 28:3
12 error   },
12 error   ^
13 error File: /Users/chrisgullian/VinylCache3/package.json
14 error Failed to parse package.json data.
14 error package.json must be actual JSON, not just JavaScript.
14 error
14 error This is not a bug in npm.
14 error Tell the package author to fix their package.json file. JSON.parse
15 verbose exit [ 1, true ]
